<?xml version="1.0" encoding="UTF-8"?>
<testng-results ignored="0" total="4" passed="4" failed="0" skipped="0">
  <reporter-output>
  </reporter-output>
  <suite started-at="2022-03-30T01:06:40 IST" name="YouNote" finished-at="2022-03-30T01:07:26 IST" duration-ms="46595">
    <groups>
    </groups>
    <test started-at="2022-03-30T01:06:40 IST" name="Login" finished-at="2022-03-30T01:07:26 IST" duration-ms="46595">
      <class name="com.YouNote.testcases.TC_LoginDDT_002">
        <test-method is-config="true" signature="setup(java.lang.String)[pri:0, instance:com.YouNote.testcases.TC_LoginDDT_002@6d763516]" started-at="2022-03-30T01:06:40 IST" name="setup" finished-at="2022-03-30T01:06:50 IST" duration-ms="10121" status="PASS">
          <params>
            <param index="0">
              <value>
                <![CDATA[chrome]]>
              </value>
            </param>
          </params>
          <reporter-output>
          </reporter-output>
        </test-method> <!-- setup -->
        <test-method signature="loginDDT(java.lang.String,java.lang.String)[pri:0, instance:com.YouNote.testcases.TC_LoginDDT_002@6d763516]" started-at="2022-03-30T01:06:55 IST" name="loginDDT" data-provider="LoginData" finished-at="2022-03-30T01:07:03 IST" duration-ms="7935" status="PASS">
          <params>
            <param index="0">
              <value>
                <![CDATA[83443071]]>
              </value>
            </param>
            <param index="1">
              <value>
                <![CDATA[Kar@2311]]>
              </value>
            </param>
          </params>
          <reporter-output>
          </reporter-output>
        </test-method> <!-- loginDDT -->
        <test-method signature="loginDDT(java.lang.String,java.lang.String)[pri:0, instance:com.YouNote.testcases.TC_LoginDDT_002@6d763516]" started-at="2022-03-30T01:07:03 IST" name="loginDDT" data-provider="LoginData" finished-at="2022-03-30T01:07:12 IST" duration-ms="9502" status="PASS">
          <params>
            <param index="0">
              <value>
                <![CDATA[8344307156]]>
              </value>
            </param>
            <param index="1">
              <value>
                <![CDATA[Kar@2]]>
              </value>
            </param>
          </params>
          <reporter-output>
          </reporter-output>
        </test-method> <!-- loginDDT -->
        <test-method signature="loginDDT(java.lang.String,java.lang.String)[pri:0, instance:com.YouNote.testcases.TC_LoginDDT_002@6d763516]" started-at="2022-03-30T01:07:12 IST" name="loginDDT" data-provider="LoginData" finished-at="2022-03-30T01:07:20 IST" duration-ms="8146" status="PASS">
          <params>
            <param index="0">
              <value>
                <![CDATA[8344307153]]>
              </value>
            </param>
            <param index="1">
              <value>
                <![CDATA[kar]]>
              </value>
            </param>
          </params>
          <reporter-output>
          </reporter-output>
        </test-method> <!-- loginDDT -->
        <test-method signature="loginDDT(java.lang.String,java.lang.String)[pri:0, instance:com.YouNote.testcases.TC_LoginDDT_002@6d763516]" started-at="2022-03-30T01:07:20 IST" name="loginDDT" data-provider="LoginData" finished-at="2022-03-30T01:07:25 IST" duration-ms="5145" status="PASS">
          <params>
            <param index="0">
              <value>
                <![CDATA[8344307156]]>
              </value>
            </param>
            <param index="1">
              <value>
                <![CDATA[Kar@2311]]>
              </value>
            </param>
          </params>
          <reporter-output>
          </reporter-output>
        </test-method> <!-- loginDDT -->
        <test-method is-config="true" signature="tearDown()[pri:0, instance:com.YouNote.testcases.TC_LoginDDT_002@6d763516]" started-at="2022-03-30T01:07:25 IST" name="tearDown" finished-at="2022-03-30T01:07:26 IST" duration-ms="850" status="PASS">
          <reporter-output>
          </reporter-output>
        </test-method> <!-- tearDown -->
      </class> <!-- com.YouNote.testcases.TC_LoginDDT_002 -->
    </test> <!-- Login -->
  </suite> <!-- YouNote -->
</testng-results>
