<?xml version="1.0" encoding="UTF-8"?>
<!-- Generated by org.testng.reporters.JUnitXMLReporter -->
<testsuite ignored="0" hostname="DESKTOP-QP8S8NS" failures="0" tests="4" name="Login" time="46.595" errors="0" timestamp="2022-03-30T01:07:26 IST">
  <testcase classname="com.YouNote.testcases.TC_LoginDDT_002" name="loginDDT" time="7.935"/>
  <testcase classname="com.YouNote.testcases.TC_LoginDDT_002" name="loginDDT" time="9.502"/>
  <testcase classname="com.YouNote.testcases.TC_LoginDDT_002" name="loginDDT" time="8.146"/>
  <testcase classname="com.YouNote.testcases.TC_LoginDDT_002" name="loginDDT" time="5.145"/>
</testsuite> <!-- Login -->
